Arguments: 
  C:\Program Files\nodejs\node.exe E:\bin\yarn.js init

PATH: 
  C:\Users\maxim\bin;C:\Program Files\Git\mingw64\bin;C:\Program Files\Git\usr\local\bin;C:\Program Files\Git\usr\bin;C:\Program Files\Git\usr\bin;C:\Program Files\Git\mingw64\bin;C:\Program Files\Git\usr\bin;C:\Users\maxim\bin;C:\Program Files (x86)\Common Files\Intel\Shared Libraries\redist\intel64\compiler;C:\ProgramData\Oracle\Java\javapath;C:\WINDOWS\system32;C:\WINDOWS;C:\WINDOWS\System32\Wbem;C:\WINDOWS\System32\WindowsPowerShell\v1.0;C:\Program Files\nodejs;C:\Program Files\Git\cmd;C:\Program Files\Java\jdk1.8.0_144\bin;C:\Program Files (x86)\Skype\Phone;E:\bin;C:\Program Files (x86)\GtkSharp\2.12\bin;D:\Nau progs\common;C:\Program Files (x86)\QTSystem;C:\Users\maxim\AppData\Local\Microsoft\WindowsApps;D:\Microsoft VS Code\bin;C:\Users\maxim\AppData\Roaming\npm;C:\Users\maxim\AppData\Local\Yarn\bin;C:\Users\maxim\AppData\Local\GitHubDesktop\bin;%USERPROFILE%\AppData\Local\Microsoft\WindowsApps;C:\Program Files\Git\usr\bin\vendor_perl;C:\Program Files\Git\usr\bin\core_perl

Yarn version: 
  1.1.0

Node version: 
  8.4.0

Platform: 
  win32 x64

npm manifest: 
  No manifest

yarn manifest: 
  No manifest

Lockfile: 
  No lockfile

Trace: 
  Error: Can't answer a question unless a user TTY
      at ConsoleReporter.question (E:\lib\cli.js:86923:59)
      at Object.<anonymous> (E:\lib\cli.js:81471:38)
      at Generator.next (<anonymous>)
      at step (E:\lib\cli.js:92:30)
      at E:\lib\cli.js:103:13
      at <anonymous>
      at process._tickCallback (internal/process/next_tick.js:188:7)
